Wed May 10 05:25:41 CEST 2017 : Server di rete Apache Derby: 10.11.1.2 - (1629631) avviato e pronto ad accettare connessioni sulla porta 1527
----------------------------------------------------------------
Wed May 10 05:25:41 CEST 2017:
Avvio della versione di Derby The Apache Software Foundation - Apache Derby - 10.11.1.2 - (1629631): istanza a816c00e-015b-f063-fc58-ffffb7766836
sulla directory di database C:\Users\Stefano95\Documents\NetBeansProjects\ProgettoAMM2017\Nerdbook\web\WEB-INF\db-definition\Nerdbook con caricatore classi sun.misc.Launcher$AppClassLoader@144bcfa 
Caricato da file:/C:/Program%20Files%20(x86)/Java/jdk1.8.0_91/db/lib/derby.jar
java.vendor=Oracle Corporation
java.runtime.version=1.8.0_91-b14
user.dir=C:\Program Files (x86)\Java\jdk1.8.0_91\db
os.name=Windows 10
os.arch=x86
os.version=10.0
derby.system.home=C:\Users\Stefano95\Documents\NetBeansProjects\ProgettoAMM2017\Nerdbook\web\WEB-INF\db-definition
Programma di caricamento classe database avviato - derby.database.classpath=''
----------------------------------------------------------------
Wed May 10 05:25:57 CEST 2017:
Arresto dell'istanza a816c00e-015b-f063-fc58-ffffb7766836 nella directory del database C:\Users\Stefano95\Documents\NetBeansProjects\ProgettoAMM2017\Nerdbook\web\WEB-INF\db-definition\Nerdbook con il caricatore di classi sun.misc.Launcher$AppClassLoader@144bcfa 
Wed May 10 05:25:57 CEST 2017 Thread[DRDAConnThread_2,5,main] (DATABASE = Nerdbook), (DRDAID = {2}), Chiusura del database 'Nerdbook'.
----------------------------------------------------------------
Wed May 10 05:26:50 CEST 2017:
Avvio della versione di Derby The Apache Software Foundation - Apache Derby - 10.11.1.2 - (1629631): istanza a65c80ac-015b-f063-fc58-ffffb7766836
sulla directory di database C:\Users\Stefano95\Documents\NetBeansProjects\ProgettoAMM2017\Nerdbook\web\WEB-INF\db-definition\ammdb con caricatore classi sun.misc.Launcher$AppClassLoader@144bcfa 
Caricato da file:/C:/Program%20Files%20(x86)/Java/jdk1.8.0_91/db/lib/derby.jar
java.vendor=Oracle Corporation
java.runtime.version=1.8.0_91-b14
user.dir=C:\Program Files (x86)\Java\jdk1.8.0_91\db
os.name=Windows 10
os.arch=x86
os.version=10.0
derby.system.home=C:\Users\Stefano95\Documents\NetBeansProjects\ProgettoAMM2017\Nerdbook\web\WEB-INF\db-definition
Programma di caricamento classe database avviato - derby.database.classpath=''
----------------------------------------------------------------
Wed May 10 05:27:03 CEST 2017:
Arresto dell'istanza a65c80ac-015b-f063-fc58-ffffb7766836 nella directory del database C:\Users\Stefano95\Documents\NetBeansProjects\ProgettoAMM2017\Nerdbook\web\WEB-INF\db-definition\ammdb con il caricatore di classi sun.misc.Launcher$AppClassLoader@144bcfa 
Wed May 10 05:27:03 CEST 2017 Thread[DRDAConnThread_2,5,main] (DATABASE = ammdb), (DRDAID = {4}), Chiusura del database 'ammdb'.
----------------------------------------------------------------
Wed May 10 06:11:06 CEST 2017: arresto in corso del motore di Derby
----------------------------------------------------------------
